calculateEntropy;float calculateEntropy(unsigned int nOffset, unsigned int nSize);
calculateMD5;QString calculateMD5(unsigned int nOffset, unsigned int nSize);
compare;bool compare(QString sSignature, unsigned int nOffset=0);
compareEP;bool compareEP(QString sSignature, unsigned int nOffset=0);
findByte;int findByte(unsigned int nOffset, unsigned int nSize, unsigned char cValue);
findDword;int findDword(unsigned int nOffset, unsigned int nSize, unsigned int nValue);
findSignature;int findSignature(unsigned int nOffset, unsigned int nSize, QString Signature);
findString;int findString(unsigned int nOffset, unsigned int nSize, QString sValue);
findWord;int findWord(unsigned int nOffset, unsigned int nSize, unsigned short sValue);
getFileDirectory;QString getFileDirectory();
getGeneralOptions;QString getGeneralOptions();
getLibraryCurrentVersion;getLibraryCurrentVersion(QString sLibrary);
getNumberOfSections;int getNumberOfSections();
getSectionFileOffset;unsigned int getSectionFileOffset(int nSection);
getSectionFileSize;unsigned int getSectionFileSize(int nSection);
getSectionNumber;int getSectionNumber(QString sSectionName);
getSignature;getSignature(unsigned int nOffset, unsigned int nSize);
getSize;unsigned int getSize();
getString;QString getString(unsigned int nOffset,unsigned int nSize=50);
isLibraryPresent;isLibraryPresent(QString sLibrary);
isSectionNamePresent;QString isSectionNamePresent(QString sSectionName);
isSignaturePresent;bool isSignaturePresent(unsigned int nOffset, unsigned int nSize, QString sSignature);
OffsetToRVA;int OffsetToRVA(unsigned int nOffset);
OffsetToVA;int OffsetToVA(unsigned int nOffset);
readByte;unsigned char readByte(unsigned int nOffset);
readDword;unsigned int readDword(unsigned int nOffset);
readWord;unsigned short readWord(unsigned int nOffset);
RVAToOffset;int RVAToOffset(unsigned int nRVA);
swapBytes;unsigned int swapBytes(unsigned int nValue);
VAToOffset;int VAToOffset(unsigned int nVA);
